{"name":"Log","hostname":"iZj6cemne7d8dkkwrhilj6Z","pid":14893,"level":30,"msg":"Creating table: posts ","time":"2018-02-16T09:52:52.262Z","v":0}
{"name":"Log","hostname":"iZj6cemne7d8dkkwrhilj6Z","pid":14893,"level":30,"msg":"Creating table: posts ","time":"2018-02-16T09:52:52.263Z","v":0}
{"name":"Log","hostname":"iZj6cemne7d8dkkwrhilj6Z","pid":14893,"level":30,"msg":"Creating table: users ","time":"2018-02-16T09:52:52.338Z","v":0}
{"name":"Log","hostname":"iZj6cemne7d8dkkwrhilj6Z","pid":14893,"level":30,"msg":"Creating table: users ","time":"2018-02-16T09:52:52.338Z","v":0}
{"name":"Log","hostname":"iZj6cemne7d8dkkwrhilj6Z","pid":14893,"level":30,"msg":"Creating table: roles ","time":"2018-02-16T09:52:52.436Z","v":0}
{"name":"Log","hostname":"iZj6cemne7d8dkkwrhilj6Z","pid":14893,"level":30,"msg":"Creating table: roles ","time":"2018-02-16T09:52:52.436Z","v":0}
{"name":"Log","hostname":"iZj6cemne7d8dkkwrhilj6Z","pid":14893,"level":30,"msg":"Creating table: roles_users ","time":"2018-02-16T09:52:52.507Z","v":0}
{"name":"Log","hostname":"iZj6cemne7d8dkkwrhilj6Z","pid":14893,"level":30,"msg":"Creating table: roles_users ","time":"2018-02-16T09:52:52.507Z","v":0}
{"name":"Log","hostname":"iZj6cemne7d8dkkwrhilj6Z","pid":14893,"level":30,"msg":"Creating table: permissions ","time":"2018-02-16T09:52:52.548Z","v":0}
{"name":"Log","hostname":"iZj6cemne7d8dkkwrhilj6Z","pid":14893,"level":30,"msg":"Creating table: permissions ","time":"2018-02-16T09:52:52.548Z","v":0}
{"name":"Log","hostname":"iZj6cemne7d8dkkwrhilj6Z","pid":14893,"level":30,"msg":"Creating table: permissions_users ","time":"2018-02-16T09:52:52.615Z","v":0}
{"name":"Log","hostname":"iZj6cemne7d8dkkwrhilj6Z","pid":14893,"level":30,"msg":"Creating table: permissions_users ","time":"2018-02-16T09:52:52.615Z","v":0}
{"name":"Log","hostname":"iZj6cemne7d8dkkwrhilj6Z","pid":14893,"level":30,"msg":"Creating table: permissions_roles ","time":"2018-02-16T09:52:52.656Z","v":0}
{"name":"Log","hostname":"iZj6cemne7d8dkkwrhilj6Z","pid":14893,"level":30,"msg":"Creating table: permissions_roles ","time":"2018-02-16T09:52:52.656Z","v":0}
{"name":"Log","hostname":"iZj6cemne7d8dkkwrhilj6Z","pid":14893,"level":30,"msg":"Creating table: permissions_apps ","time":"2018-02-16T09:52:52.691Z","v":0}
{"name":"Log","hostname":"iZj6cemne7d8dkkwrhilj6Z","pid":14893,"level":30,"msg":"Creating table: permissions_apps ","time":"2018-02-16T09:52:52.691Z","v":0}
{"name":"Log","hostname":"iZj6cemne7d8dkkwrhilj6Z","pid":14893,"level":30,"msg":"Creating table: settings ","time":"2018-02-16T09:52:52.729Z","v":0}
{"name":"Log","hostname":"iZj6cemne7d8dkkwrhilj6Z","pid":14893,"level":30,"msg":"Creating table: settings ","time":"2018-02-16T09:52:52.729Z","v":0}
{"name":"Log","hostname":"iZj6cemne7d8dkkwrhilj6Z","pid":14893,"level":30,"msg":"Creating table: tags ","time":"2018-02-16T09:52:52.796Z","v":0}
{"name":"Log","hostname":"iZj6cemne7d8dkkwrhilj6Z","pid":14893,"level":30,"msg":"Creating table: tags ","time":"2018-02-16T09:52:52.796Z","v":0}
{"name":"Log","hostname":"iZj6cemne7d8dkkwrhilj6Z","pid":14893,"level":30,"msg":"Creating table: posts_tags ","time":"2018-02-16T09:52:52.864Z","v":0}
{"name":"Log","hostname":"iZj6cemne7d8dkkwrhilj6Z","pid":14893,"level":30,"msg":"Creating table: posts_tags ","time":"2018-02-16T09:52:52.864Z","v":0}
{"name":"Log","hostname":"iZj6cemne7d8dkkwrhilj6Z","pid":14893,"level":30,"msg":"Creating table: apps ","time":"2018-02-16T09:52:52.947Z","v":0}
{"name":"Log","hostname":"iZj6cemne7d8dkkwrhilj6Z","pid":14893,"level":30,"msg":"Creating table: apps ","time":"2018-02-16T09:52:52.947Z","v":0}
{"name":"Log","hostname":"iZj6cemne7d8dkkwrhilj6Z","pid":14893,"level":30,"msg":"Creating table: app_settings ","time":"2018-02-16T09:52:53.042Z","v":0}
{"name":"Log","hostname":"iZj6cemne7d8dkkwrhilj6Z","pid":14893,"level":30,"msg":"Creating table: app_settings ","time":"2018-02-16T09:52:53.042Z","v":0}
{"name":"Log","hostname":"iZj6cemne7d8dkkwrhilj6Z","pid":14893,"level":30,"msg":"Creating table: app_fields ","time":"2018-02-16T09:52:53.132Z","v":0}
{"name":"Log","hostname":"iZj6cemne7d8dkkwrhilj6Z","pid":14893,"level":30,"msg":"Creating table: app_fields ","time":"2018-02-16T09:52:53.132Z","v":0}
{"name":"Log","hostname":"iZj6cemne7d8dkkwrhilj6Z","pid":14893,"level":30,"msg":"Creating table: clients ","time":"2018-02-16T09:52:53.186Z","v":0}
{"name":"Log","hostname":"iZj6cemne7d8dkkwrhilj6Z","pid":14893,"level":30,"msg":"Creating table: clients ","time":"2018-02-16T09:52:53.186Z","v":0}
{"name":"Log","hostname":"iZj6cemne7d8dkkwrhilj6Z","pid":14893,"level":30,"msg":"Creating table: client_trusted_domains ","time":"2018-02-16T09:52:53.314Z","v":0}
{"name":"Log","hostname":"iZj6cemne7d8dkkwrhilj6Z","pid":14893,"level":30,"msg":"Creating table: client_trusted_domains ","time":"2018-02-16T09:52:53.314Z","v":0}
{"name":"Log","hostname":"iZj6cemne7d8dkkwrhilj6Z","pid":14893,"level":30,"msg":"Creating table: accesstokens ","time":"2018-02-16T09:52:53.395Z","v":0}
{"name":"Log","hostname":"iZj6cemne7d8dkkwrhilj6Z","pid":14893,"level":30,"msg":"Creating table: accesstokens ","time":"2018-02-16T09:52:53.395Z","v":0}
{"name":"Log","hostname":"iZj6cemne7d8dkkwrhilj6Z","pid":14893,"level":30,"msg":"Creating table: refreshtokens ","time":"2018-02-16T09:52:53.512Z","v":0}
{"name":"Log","hostname":"iZj6cemne7d8dkkwrhilj6Z","pid":14893,"level":30,"msg":"Creating table: refreshtokens ","time":"2018-02-16T09:52:53.512Z","v":0}
{"name":"Log","hostname":"iZj6cemne7d8dkkwrhilj6Z","pid":14893,"level":30,"msg":"Creating table: subscribers ","time":"2018-02-16T09:52:53.622Z","v":0}
{"name":"Log","hostname":"iZj6cemne7d8dkkwrhilj6Z","pid":14893,"level":30,"msg":"Creating table: subscribers ","time":"2018-02-16T09:52:53.622Z","v":0}
{"name":"Log","hostname":"iZj6cemne7d8dkkwrhilj6Z","pid":14893,"level":30,"msg":"Creating table: invites ","time":"2018-02-16T09:52:53.688Z","v":0}
{"name":"Log","hostname":"iZj6cemne7d8dkkwrhilj6Z","pid":14893,"level":30,"msg":"Creating table: invites ","time":"2018-02-16T09:52:53.688Z","v":0}
{"name":"Log","hostname":"iZj6cemne7d8dkkwrhilj6Z","pid":14893,"level":30,"msg":"Creating table: brute ","time":"2018-02-16T09:52:53.835Z","v":0}
{"name":"Log","hostname":"iZj6cemne7d8dkkwrhilj6Z","pid":14893,"level":30,"msg":"Creating table: brute ","time":"2018-02-16T09:52:53.835Z","v":0}
{"name":"Log","hostname":"iZj6cemne7d8dkkwrhilj6Z","pid":14893,"level":30,"msg":"Creating table: webhooks ","time":"2018-02-16T09:52:53.843Z","v":0}
{"name":"Log","hostname":"iZj6cemne7d8dkkwrhilj6Z","pid":14893,"level":30,"msg":"Creating table: webhooks ","time":"2018-02-16T09:52:53.843Z","v":0}
{"name":"Log","hostname":"iZj6cemne7d8dkkwrhilj6Z","pid":14893,"level":30,"msg":"Model: Post ","time":"2018-02-16T09:52:53.886Z","v":0}
{"name":"Log","hostname":"iZj6cemne7d8dkkwrhilj6Z","pid":14893,"level":30,"msg":"Model: Post ","time":"2018-02-16T09:52:53.886Z","v":0}
{"name":"Log","hostname":"iZj6cemne7d8dkkwrhilj6Z","pid":14893,"level":30,"msg":"Model: Tag ","time":"2018-02-16T09:52:54.180Z","v":0}
{"name":"Log","hostname":"iZj6cemne7d8dkkwrhilj6Z","pid":14893,"level":30,"msg":"Model: Tag ","time":"2018-02-16T09:52:54.180Z","v":0}
{"name":"Log","hostname":"iZj6cemne7d8dkkwrhilj6Z","pid":14893,"level":30,"msg":"Model: Client ","time":"2018-02-16T09:52:54.188Z","v":0}
{"name":"Log","hostname":"iZj6cemne7d8dkkwrhilj6Z","pid":14893,"level":30,"msg":"Model: Client ","time":"2018-02-16T09:52:54.188Z","v":0}
{"name":"Log","hostname":"iZj6cemne7d8dkkwrhilj6Z","pid":14893,"level":30,"msg":"Model: Role ","time":"2018-02-16T09:52:54.203Z","v":0}
{"name":"Log","hostname":"iZj6cemne7d8dkkwrhilj6Z","pid":14893,"level":30,"msg":"Model: Role ","time":"2018-02-16T09:52:54.203Z","v":0}
{"name":"Log","hostname":"iZj6cemne7d8dkkwrhilj6Z","pid":14893,"level":30,"msg":"Model: Permission ","time":"2018-02-16T09:52:54.220Z","v":0}
{"name":"Log","hostname":"iZj6cemne7d8dkkwrhilj6Z","pid":14893,"level":30,"msg":"Model: Permission ","time":"2018-02-16T09:52:54.220Z","v":0}
{"name":"Log","hostname":"iZj6cemne7d8dkkwrhilj6Z","pid":14893,"level":30,"msg":"Model: User ","time":"2018-02-16T09:52:54.439Z","v":0}
{"name":"Log","hostname":"iZj6cemne7d8dkkwrhilj6Z","pid":14893,"level":30,"msg":"Model: User ","time":"2018-02-16T09:52:54.440Z","v":0}
{"name":"Log","hostname":"iZj6cemne7d8dkkwrhilj6Z","pid":14893,"level":30,"msg":"Relation: Role to Permission ","time":"2018-02-16T09:52:55.191Z","v":0}
{"name":"Log","hostname":"iZj6cemne7d8dkkwrhilj6Z","pid":14893,"level":30,"msg":"Relation: Role to Permission ","time":"2018-02-16T09:52:55.192Z","v":0}
{"name":"Log","hostname":"iZj6cemne7d8dkkwrhilj6Z","pid":14893,"level":30,"msg":"Relation: Post to Tag ","time":"2018-02-16T09:52:55.424Z","v":0}
{"name":"Log","hostname":"iZj6cemne7d8dkkwrhilj6Z","pid":14893,"level":30,"msg":"Relation: Post to Tag ","time":"2018-02-16T09:52:55.425Z","v":0}
{"name":"Log","hostname":"iZj6cemne7d8dkkwrhilj6Z","pid":14893,"level":30,"msg":"Relation: User to Role ","time":"2018-02-16T09:52:55.459Z","v":0}
{"name":"Log","hostname":"iZj6cemne7d8dkkwrhilj6Z","pid":14893,"level":30,"msg":"Relation: User to Role ","time":"2018-02-16T09:52:55.459Z","v":0}
